C51 COMPILER V9.54   KEY                                                                   08/15/2019 15:51:52 PAGE 1   


C51 COMPILER V9.54, COMPILATION OF MODULE KEY
OBJECT MODULE PLACED IN .\Object\key.obj
COMPILER INVOKED BY: C:\Keil_v5\C51\BIN\C51.EXE user\key.c COMPACT OPTIMIZE(4,SPEED) BROWSE INCDIR(hal\nrf24le1;hal\nrf2
                    -4l01p;hal;compiler\c51;compiler\common) DEFINE(MCU_NRF24LE1) DEBUG OBJECTEXTEND PRINT(.\List\key.lst) TABS(2) OBJECT(.\O
                    -bject\key.obj)

line level    source

   1          #include <reg24le1.h>
   2          #include "key.h"
   3          #include "hal_delay.h"
   4          #include <string.h>
   5          
   6          void key_init() {
   7   1      #if (BOARD == IKMSIK)
                  P1DIR |= 0x06;//0-P12,P13Êä³ö
              #else //(BOARD == DIAPER)
  10   1          P1DIR &= ~0x03;//P00,P01Êä³ö
  11   1      #endif
  12   1      }
  13          
  14          /*********************************END FILE*************************************/


MODULE INFORMATION:   STATIC OVERLAYABLE
   CODE SIZE        =      4    ----
   CONSTANT SIZE    =   ----    ----
   XDATA SIZE       =   ----    ----
   PDATA SIZE       =   ----    ----
   DATA SIZE        =   ----    ----
   IDATA SIZE       =   ----    ----
   BIT SIZE         =   ----    ----
END OF MODULE INFORMATION.


C51 COMPILATION COMPLETE.  0 WARNING(S),  0 ERROR(S)
