C51 COMPILER V9.54   LED                                                                   08/15/2019 15:51:52 PAGE 1   


C51 COMPILER V9.54, COMPILATION OF MODULE LED
OBJECT MODULE PLACED IN .\Object\led.obj
COMPILER INVOKED BY: C:\Keil_v5\C51\BIN\C51.EXE user\led.c COMPACT OPTIMIZE(4,SPEED) BROWSE INCDIR(hal\nrf24le1;hal\nrf2
                    -4l01p;hal;compiler\c51;compiler\common) DEFINE(MCU_NRF24LE1) DEBUG OBJECTEXTEND PRINT(.\List\led.lst) TABS(2) OBJECT(.\O
                    -bject\led.obj)

line level    source

   1          #include <reg24le1.h>
   2          #include "led.h"
   3          #include "hal_delay.h"
   4          #include <string.h>
   5          
   6          void led_init() {
   7   1      #if (BOARD == IKMSIK)
                  P0DIR &= ~0x03;//P00,P01Êä³ö
              #else (BOARD == DIAPER)
  10   1          P0DIR &= ~0x01;//P00,
  11   1          P1DIR &= ~0x60;//P16,P15Êä³ö
  12   1      #endif
  13   1      }
  14          
  15          void led_flash(uint8_t led) {
  16   1          switch(led) {
  17   2          case led1:
  18   2              LED1 = ON;
  19   2              delay_us(200);
  20   2              LED1 = OFF;
  21   2              break;
  22   2          case led2:
  23   2              LED2  = ON;
  24   2              delay_us(200);
  25   2              LED2 = OFF;
  26   2              break;
  27   2      #if (BOARD == DIAPER)
  28   2          case led3:
  29   2              LED3  = ON;
  30   2              delay_us(200);
  31   2              LED3 = OFF;
  32   2              break;
  33   2      #endif
  34   2          default:
  35   2              break;
  36   2          }
  37   1      }
  38          void led_on(uint8_t led) {
  39   1          switch(led) {
  40   2          case led1:
  41   2              LED1 = ON;
  42   2              break;
  43   2          case led2:
  44   2              LED2  = ON;
  45   2              break;
  46   2          
  47   2      #if (BOARD == DIAPER)
  48   2          case led3:
  49   2              LED3  = ON;
  50   2              break;
  51   2      #endif
  52   2          default:
  53   2              break;
C51 COMPILER V9.54   LED                                                                   08/15/2019 15:51:52 PAGE 2   

  54   2          }
  55   1      }
  56          void led_off(uint8_t led) {
  57   1          switch(led) {
  58   2          case led1:
  59   2              LED1 = OFF;
  60   2              break;
  61   2          case led2:
  62   2              LED2  = OFF;
  63   2              break;
  64   2      #if (BOARD == DIAPER)
  65   2          case led3:
  66   2              LED3  = OFF;
  67   2              break;
  68   2      #endif
  69   2          default:
  70   2              break;
  71   2          }
  72   1      }
  73          /*********************************END FILE*************************************/


MODULE INFORMATION:   STATIC OVERLAYABLE
   CODE SIZE        =     94    ----
   CONSTANT SIZE    =   ----    ----
   XDATA SIZE       =   ----    ----
   PDATA SIZE       =   ----    ----
   DATA SIZE        =   ----    ----
   IDATA SIZE       =   ----    ----
   BIT SIZE         =   ----    ----
END OF MODULE INFORMATION.


C51 COMPILATION COMPLETE.  0 WARNING(S),  0 ERROR(S)
